00:01:08 007599.1     BB                             ***FINE SPLIT***               00:00   00:00   Split 56     True            
00:01:08 006255       RADIO NORBA                    CLOCK                          00:04   00:04                True            
00:01:12 006268       RADIO NORBA                    SIGLA PROGRAMMI NO SPEAKER     00:13   00:13                True            
00:01:23 021704       Annalisa                       Canzone Estiva                 03:20   03:20                True            
00:04:42 006299       RADIO NORBA                    JINGLE RNTV 2021               00:12   00:12                True            
00:04:52 001146       Timbaland, OneRepublic         Apologize                      03:02   03:02                True            
00:07:53 022679       Fred De Palma, Anitta, Emis Ki La Testa Gira                  02:57   02:57                True            
00:10:50 006245       RADIO NORBA                    JINGLE RAPID 2_T01             00:04   00:04                True            
00:10:53 001302       Dua Lipa                       IDGAF                          03:33   03:33                True            
00:14:26 006244       RADIO NORBA                    JINGLE RAPID 1_T01             00:03   00:03                True            
00:14:28 023865       Pinguini Tattici Nucleari      Sorry Scusa Lo Siento          03:16   03:17                True            
00:17:43 006244       RADIO NORBA                    JINGLE RAPID 1_T01             00:03   00:03                True            
00:17:45 023871       Elisa                          Amore È                        03:10   03:10                True            
00:20:55 006301       RADIO NORBA                    JINGLE CUORE 1                 00:07   00:07                True            
00:21:03 024504       MEEK                           Beautiful Freeks               02:33   02:33                True            
00:23:35 006246       RADIO NORBA                    JINGLE RAPID 3_T02             00:05   00:05                True            
00:23:38 002993       Tananai                        Tango                          03:21   03:21                True            
00:26:58 006249       RADIO NORBA                    JINGLE RAPID 6_T04             00:05   00:05                True            
00:27:01 022869       Tame Impala & JENNIE           Dracula (Remix)                03:23   03:23                True            
00:30:24 006302       RADIO NORBA                    JINGLE CUORE 2                 00:08   00:08                True            
00:30:30 010214       Joey Ramone                    What A Wonderful World         02:23   02:23                True            
00:32:50 006313       RADIO NORBA                    RAMPA CORTA                    00:09   00:09                True            
00:32:58 007601       BB                             SEPARATORE BB SPLIT            00:02   00:02   Split 30     True            
00:35:02 007599.1     BB                             ***FINE SPLIT***               00:00   00:00   Split 30     True            
00:35:02 006250       RADIO NORBA                    JINGLE RIENTRO                 00:11   00:11                True            
00:35:12 024121       Samurai Jay                    Flamenco Paranoia              02:39   02:40                True            
00:37:50 006306       RADIO NORBA                    JINGLE CUORE 6                 00:08   00:08                True            
00:37:56 025472       Harry Styles                   Dance No More                  03:10   03:10                True            
00:41:05 022965       Temper City                    Self Aware                     03:02   03:02                True            
00:44:04 006248       RADIO NORBA                    JINGLE RAPID 5_T04             00:04   00:04                True            
00:44:07 000414       Biagio Antonacci               Se Fosse Per Sempre            03:31   03:31                True            
00:47:36 006244       RADIO NORBA                    JINGLE RAPID 1_T01             00:03   00:03                True            
00:47:38 023439       Fulminacci                     Maledetto Me                   02:56   02:56                True            
00:50:33 006303       RADIO NORBA                    JINGLE CUORE 3                 00:05   00:05                True            
00:50:37 000236       Aventura Feat. Judy Santos     Obsesión                       03:42   03:42                True            
00:54:19 022678       Tiziano Ferro Feat. Giorgia    Superstar                      03:12   03:11                True            
00:57:31 006248       RADIO NORBA                    JINGLE RAPID 5_T04             00:04   00:04                True            
00:57:33 003818       Apollo 440                     Stop The Rock                  03:31   03:31                True            
01:01:04 006313       RADIO NORBA                    RAMPA CORTA                    00:09   00:09                True            
01:01:12 007601       BB                             SEPARATORE BB SPLIT            00:02   00:02   Split 56     True            
01:01:14 011025                                      TAMPONE SPLIT 6                02:02   06:00   Split 56     True            
01:03:16 007599.1     BB                             ***FINE SPLIT***               00:00   00:00   Split 56     True            
01:03:16 006250       RADIO NORBA                    JINGLE RIENTRO                 00:11   00:11                True            
01:03:26 024114       Jovanotti, Alfa                Buon Vento                     02:52   02:52                True            
01:06:17 006299       RADIO NORBA                    JINGLE RNTV 2021               00:12   00:12                True            
01:06:26 001192       Sia                            I'm Still Here                 03:57   03:57                True            
01:10:20 025499       Merk & Kremont Feat. Serena Br Partenope                      02:39   02:39                True            
01:12:58 006249       RADIO NORBA                    JINGLE RAPID 6_T04             00:05   00:05                True            
01:13:01 000225       Sam Smith                      I'm Not The Only One           03:18   03:18                True            
01:16:18 006248       RADIO NORBA                    JINGLE RAPID 5_T04             00:04   00:04                True            
01:16:20 020680       Myles Smith & Niall Horan      Drive Safe                     03:16   03:16                True            
01:19:36 006244       RADIO NORBA                    JINGLE RAPID 1_T01             00:03   00:03                True            
01:19:38 023362       Achille Lauro                  Comuni Immortali               03:23   03:23                True            
01:22:59 006304       RADIO NORBA                    JINGLE CUORE 4                 00:07   00:07                True            
01:23:03 002824       Phil Collins                   Two Hearts                     03:06   03:06                True            
01:26:09 006245       RADIO NORBA                    JINGLE RAPID 2_T01             00:04   00:04                True            
01:26:12 025471       Alex Warren                    Passenger                      02:36   02:37                True            
01:28:47 006247       RADIO NORBA                    JINGLE RAPID 4_T02             00:05   00:05                True            
01:28:50 001999       Tiromancino                    Domenica                       03:51   03:51                True            
01:32:40 019110       Sienna Spiro                   Die On This Hill               03:46   03:46                True            
01:36:25 006313       RADIO NORBA                    RAMPA CORTA                    00:09   00:09                True            
01:36:33 007601       BB                             SEPARATORE BB SPLIT            00:02   00:02   Split 30     True            
01:36:34 011025                                      TAMPONE SPLIT 6                02:11   06:00   Split 30     True            
01:38:45 007599.1     BB                             ***FINE SPLIT***               00:00   00:00   Split 30     True            
01:38:46 006250       RADIO NORBA                    JINGLE RIENTRO                 00:11   00:11                True            
01:38:56 023863       Irama                          Cabana                         02:27   02:27                True            
01:41:22 006305       RADIO NORBA                    JINGLE CUORE 5                 00:06   00:06                True            
01:41:26 004087       Time Square Feat. Xavier Rudd  Follow The Sun                 04:09   04:09                True            
01:45:34 006246       RADIO NORBA                    JINGLE RAPID 3_T02             00:05   00:05                True            
01:45:36 025469       Angelina Mango, Marco Mengoni  Canto D'amore                  03:11   03:10                True            
01:48:46 006246       RADIO NORBA                    JINGLE RAPID 3_T02             00:05   00:05                True            
01:48:49 003772       Sugar Ray                      Every Morning                  03:21   03:20                True            
01:52:10 006244       RADIO NORBA                    JINGLE RAPID 1_T01             00:03   00:03                True            
01:52:12 020681       Olivia Dean                    So Easy (To Fall In Love)      02:45   02:45                True            
01:54:57 023465       Olivia Rodrigo                 Drop Dead                      03:44   03:45                True            
01:58:41 006306       RADIO NORBA                    JINGLE CUORE 6                 00:08   00:08                True            
01:58:47 006331       Pino Daniele                   Mareluna                       03:55   03:55                True            
02:02:42 006249       RADIO NORBA                    JINGLE RAPID 6_T04             00:05   00:05                True            
02:02:45 023666       Francesco Gabbani              Summer Funk                    02:43   02:43                True            
02:05:27 006244       RADIO NORBA                    JINGLE RAPID 1_T01             00:03   00:03                True            
02:05:29 024349       Karol G, Manu Chao             Viajando Por El Mundo          03:25   03:26                True            
02:08:54 006299       RADIO NORBA                    JINGLE RNTV 2021               00:12   00:12                True            
02:09:03 024504       MEEK                           Beautiful Freeks               02:33   02:33                True            
02:11:36 006246       RADIO NORBA                    JINGLE RAPID 3_T02             00:05   00:05                True            
02:11:38 003000       Rosa Chemical                  Made In Italy                  02:55   02:55                True            
02:14:32 024285       Mace con Salmo e Colapesce     Cattive Abitudini              03:10   03:10                True            
02:17:41 006248       RADIO NORBA                    JINGLE RAPID 5_T04             00:04   00:04                True            
02:17:43 001226       Tina Turner                    We Don't Need Another Hero     04:01   04:01                True            
02:21:42 006244       RADIO NORBA                    JINGLE RAPID 1_T01             00:03   00:03                True            
02:21:44 024346       Mara Sattei Feat. Enrico Nigio Sabato Sera                    03:02   03:02                True            
02:24:46 006301       RADIO NORBA                    JINGLE CUORE 1                 00:07   00:07                True            
02:24:53 021498       Bob Sinclar, Kiesza            I Can't Wait                   02:26   02:26                True            
02:27:18 006248       RADIO NORBA                    JINGLE RAPID 5_T04             00:03   00:04                True            
02:27:20 000193       Coldplay                       Adventure Of A Lifetime        03:39   03:39                True            
02:30:58 006246       RADIO NORBA                    JINGLE RAPID 3_T02             00:05   00:05                True            
02:31:01 025470       FDV                            Signorina                      02:36   02:36                True            
02:33:37 006244       RADIO NORBA                    JINGLE RAPID 1_T01             00:03   00:03                True            
02:33:39 023862       Ermal Meta                     Calma Metafisica               03:04   03:04                True            
02:36:43 006245       RADIO NORBA                    JINGLE RAPID 2_T01             00:04   00:04                True            
02:36:46 003710       Paolo Nutini                   New Shoes                      03:17   03:18                True            
02:40:03 019672       Bruno Mars                     I Just Might                   03:30   03:30                True            
02:43:32 024316       J-Ax                           Hippy Ya Yo (Però Anche No)    02:50   02:50                True            
02:46:22 006244       RADIO NORBA                    JINGLE RAPID 1_T01             00:03   00:03                True            
02:46:24 003358       Peggy Gou                      (It Goes Like) Nanana          03:13   03:12                True            
02:49:36 022679       Fred De Palma, Anitta, Emis Ki La Testa Gira                  02:57   02:57                True            
02:52:33 006244       RADIO NORBA                    JINGLE RAPID 1_T01             00:03   00:03                True            
02:52:36 003594       Coldcut Feat. Lisa Stansfield  People Hold On                 03:36   03:36                True            
02:56:12 006302       RADIO NORBA                    JINGLE CUORE 2                 00:08   00:08                True            
02:56:19 023000       sombr                          Potential                      03:53   03:53                True            
03:00:10 006246       RADIO NORBA                    JINGLE RAPID 3_T02             00:05   00:05                True            
03:00:12 003683       Emma                           L'Amore Non Mi Basta           03:29   03:28                True            
03:03:39 006303       RADIO NORBA                    JINGLE CUORE 3                 00:05   00:05                True            
03:03:43 022176       The Bausa                      Magnetic                       03:00   03:00                True            
03:06:42 006244       RADIO NORBA                    JINGLE RAPID 1_T01             00:03   00:03                True            
03:06:44 024345       Petit                          A Me A Me                      02:19   02:19                True            
03:09:04 006244       RADIO NORBA                    JINGLE RAPID 1_T01             00:03   00:03                True            
03:09:06 023438       Gaia                           Bossa Nostra                   03:15   03:15                True            
03:12:21 006247       RADIO NORBA                    JINGLE RAPID 4_T02             00:05   00:05                True            
03:12:24 015031       Raye                           Where Is My Husband!           03:14   03:14                True            
03:15:37 006245       RADIO NORBA                    JINGLE RAPID 2_T01             00:04   00:04                True            
03:15:39 001024       Hooverphonic                   Mad About You                  03:34   03:35                True            
03:19:12 021954       Annalisa                       Canzone Estiva                 03:37   03:37                True            
03:22:47 006246       RADIO NORBA                    JINGLE RAPID 3_T02             00:05   00:05                True            
03:22:50 004011       Destiny's Child                Survivor                       03:59   03:58                True            
03:26:48 006244       RADIO NORBA                    JINGLE RAPID 1_T01             00:03   00:03                True            
03:26:51 024355       Raf                            Pazzi Stupidi Ragazzi          03:07   03:07                True            
03:29:54 006304       RADIO NORBA                    JINGLE CUORE 4                 00:07   00:07                True            
03:29:58 022715       Lady Gaga, Doechii             Runway                         02:44   02:44                True            
03:32:42 006248       RADIO NORBA                    JINGLE RAPID 5_T04             00:04   00:04                True            
03:32:44 002778       Samuele Bersani                Chicco E Spillo                03:58   03:58                True            
03:36:43 006247       RADIO NORBA                    JINGLE RAPID 4_T02             00:05   00:05                True            
03:36:46 024501       Baby K                         Tucamacarena                   02:31   02:30                True            
03:39:17 006246       RADIO NORBA                    JINGLE RAPID 3_T02             00:05   00:05                True            
03:39:19 004325       Nate James                     The Message                    03:20   03:20                True            
03:42:40 006247       RADIO NORBA                    JINGLE RAPID 4_T02             00:05   00:05                True            
03:42:43 023163       Anotr ft 54 Ultra              Talk To You                    02:40   02:40                True            
03:45:22 006246       RADIO NORBA                    JINGLE RAPID 3_T02             00:05   00:05                True            
03:45:25 000491       Eros Ramazzotti                Un Attimo Di Pace              04:07   04:07                True            
03:49:31 006244       RADIO NORBA                    JINGLE RAPID 1_T01             00:03   00:03                True            
03:49:34 004114       The Last Goodnight             Pictures Of You                03:03   03:03                True            
03:52:36 006247       RADIO NORBA                    JINGLE RAPID 4_T02             00:05   00:05                True            
03:52:39 014597       Dawn Penn                      You Don't Love Me (No, No, No) 03:24   03:23                True            
03:56:03 006305       RADIO NORBA                    JINGLE CUORE 5                 00:06   00:06                True            
03:56:08 024117       Elettra Lamborghini            Bam Bam Bambina                02:53   02:54                True            
03:59:01 006244       RADIO NORBA                    JINGLE RAPID 1_T01             00:03   00:03                True            
03:59:03 003342       The Blessed Madonna Feat. Jaco Mercy                          02:46   02:46                True            
04:01:49 006245       RADIO NORBA                    JINGLE RAPID 2_T01             00:04   00:04                True            
04:01:52 025472       Harry Styles                   Dance No More                  03:10   03:10                True            
04:05:01 023695       Fulminacci                     Maledetto Me                   03:06   03:06                True            
04:08:06 006306       RADIO NORBA                    JINGLE CUORE 6                 00:08   00:08                True            
04:08:12 022646       Paola Iezzi                    Stessa Direzione               03:07   03:06                True            
04:11:18 006245       RADIO NORBA                    JINGLE RAPID 2_T01             00:04   00:04                True            
04:11:20 023581       Madonna & Sabrina Carpenter    Bring Your Love                02:51   02:51                True            
04:14:11 006249       RADIO NORBA                    JINGLE RAPID 6_T04             00:05   00:05                True            
04:14:14 024500       Ditonellapiaga                 Businessman                    03:13   03:14                True            
04:17:27 006249       RADIO NORBA                    JINGLE RAPID 6_T04             00:05   00:05                True            
04:17:30 004091       Sam Hunt                       Take Your Time                 03:50   03:50                True            
04:21:20 023465       Olivia Rodrigo                 Drop Dead                      03:45   03:45                True            
04:25:04 006247       RADIO NORBA                    JINGLE RAPID 4_T02             00:05   00:05                True            
04:25:07 000125       Laura Pausini                  Io Canto                       04:00   03:59                True            
04:29:06 006248       RADIO NORBA                    JINGLE RAPID 5_T04             00:04   00:04                True            
04:29:08 004997       Room 5 Feat. Oliver Cheatham   Make Luv                       03:09   03:09                True            
04:32:18 006244       RADIO NORBA                    JINGLE RAPID 1_T01             00:03   00:03                True            
04:32:20 024413       Federica Abbate                Superman                       03:11   03:11                True            
04:35:30 006301       RADIO NORBA                    JINGLE CUORE 1                 00:07   00:07                True            
04:35:38 024314       Noemi, Vito Salamanca          Tu Cosa Fai Questa Sera        02:47   02:48                True            
04:38:25 006244       RADIO NORBA                    JINGLE RAPID 1_T01             00:03   00:03                True            
04:38:28 001040       Alicia Keys                    Underdog                       03:23   03:23                True            
04:41:51 006246       RADIO NORBA                    JINGLE RAPID 3_T02             00:05   00:05                True            
04:41:53 024504       MEEK                           Beautiful Freeks               02:33   02:33                True            
04:44:25 006249       RADIO NORBA                    JINGLE RAPID 6_T04             00:05   00:05                True            
04:44:28 001731       Alessandra Amoroso             Sorriso Grande                 03:20   03:21                True            
04:47:48 006246       RADIO NORBA                    JINGLE RAPID 3_T02             00:05   00:05                True            
04:47:50 024499       Merk & Kremont Feat. Serena Br Partenope                      02:30   02:30                True            
04:50:19 015278       Olivia Dean                    Man I Need                     03:13   03:13                True            
04:53:32 006246       RADIO NORBA                    JINGLE RAPID 3_T02             00:05   00:05                True            
04:53:35 003815       The Coral                      In The Morning                 02:28   02:28                True            
04:56:01 006247       RADIO NORBA                    JINGLE RAPID 4_T02             00:05   00:05                True            
04:56:04 004022       Sottotono                      Dimmi Di Sbagliato Che C'è     03:50   03:50                True            
04:59:55 006245       RADIO NORBA                    JINGLE RAPID 2_T01             00:04   00:04                True            
04:59:57 023870       Mace con Salmo e Colapesce     Cattive Abitudini              03:18   03:18                True            
05:03:12 006244       RADIO NORBA                    JINGLE RAPID 1_T01             00:03   00:03                True            
05:03:15 004202       Maroon 5                       Won't Go Home Without You      03:41   03:40                True            
05:06:54 006244       RADIO NORBA                    JINGLE RAPID 1_T01             00:03   00:03                True            
05:06:57 019851       Taylor Swift                   Opalite                        03:51   03:52                True            
05:10:47 023902       Francesco Gabbani              Summer Funk                    02:55   02:55                True            
05:13:41 006303       RADIO NORBA                    JINGLE CUORE 3                 00:05   00:05                True            
05:13:44 023865       Pinguini Tattici Nucleari      Sorry Scusa Lo Siento          01:41   03:17                True            
05:15:30 006313       RADIO NORBA                    RAMPA CORTA                    00:09   00:09   REPLICHE ATLA 16 GIU True            
05:15:37 025679       ATLA                           REPLICA ATLA 16-06-2026 01     12:44   12:44                True            
05:28:22 007600       BB                             SEPARATORE BB NAZIONALE        00:03   00:03   Pub 15       True            
05:28:23 AV771                                       ACQUA_E_SAPONE_17_PODOVIS__070 00:30   00:30   Pub 15       True  0133530273
05:28:53 AV822                                       MCD_SUMMER_DAYS_7-20_GIU       00:20   00:20   Pub 15       True  0134487662
05:29:13 025680       ATLA                           REPLICA ATLA 16-06-2026 02     08:16   08:17                True            
05:37:29 025678       ATLA                           REPLICA ATLA 16-06-2026 03     08:24   08:24                True            
05:45:54 007600       BB                             SEPARATORE BB NAZIONALE        00:03   00:03   Pub 45       True            
05:45:55 AV822                                       MCD_SUMMER_DAYS_7-20_GIU       00:20   00:20   Pub 45       True  0134487663
05:46:15 AW047                                       VIC_TRANSPORTER_GIUGNO_15-23_G 00:30   00:29   Pub 45       True  0134806853
05:46:45 025681       ATLA                           REPLICA ATLA 16-06-2026 04     08:21   08:21                True            
05:55:07 007601       BB                             SEPARATORE BB SPLIT            00:02   00:02   Split 56     True            
05:59:10 007599.1     BB                             ***FINE SPLIT***               00:00   00:00   Split 56     True            
05:55:08 011025                                      TAMPONE SPLIT 6                04:02   06:00   Split 56     True            
05:59:10 025689       ATLA                           REPLICA ATLA 16-06-2026 05     13:21   13:21                True            
06:12:32 007600       BB                             SEPARATORE BB NAZIONALE        00:03   00:03   Pub 15       True            
06:12:32 AV871                                       LEROY_MERLIN_30_ANNI_1006_2806 00:14   00:14   Pub 15       True  0134688335
06:12:47 AW010                                       MIN._SALUTE_DONAZIONE_SANGUE_1 00:27   00:27   Pub 15       True  0134831416
06:13:15 AV804                                       COSTA_CROCIERE_ESTATE_A_CASA_0 00:19   00:19   Pub 15       True  0134636935
06:13:35 AV532                                       RTI_AD_MANAGER_2905_2507       00:29   00:29   Pub 15       True  0134605953
06:14:05 AV802                                       NISSAN_CCL_GIUGNO_0706_2006    00:20   00:20   Pub 15       True  0134213400
06:14:25 025690       ATLA                           REPLICA ATLA 16-06-2026 06     09:39   09:39                True            
06:24:05 007601       BB                             SEPARATORE BB SPLIT            00:02   00:02   Split 30     True            
06:24:06 011025                                      TAMPONE SPLIT 6                04:02   06:00   Split 30     True            
06:28:07 007599.1     BB                             ***FINE SPLIT***               00:00   00:00   Split 30     True            
06:28:08 025691       ATLA                           REPLICA ATLA 16-06-2026 07     10:46   10:46                True            
06:38:55 007600       BB                             SEPARATORE BB NAZIONALE        00:03   00:03   Pub 45       True            
06:38:55 X9862        CONSORZIO RECUPERO VETRO - CO. COREVE FATTI MANDARE DALLA MAM 00:28   00:28   Pub 45       True  0133391458
06:39:24 AT828                                       DEGHI_GIARDINO_1904_2504       00:29   00:29   Pub 45       True  0134510510
06:39:54 AW047                                       VIC_TRANSPORTER_GIUGNO_15-23_G 00:30   00:29   Pub 45       True  0134806854
06:40:24 AV822                                       MCD_SUMMER_DAYS_7-20_GIU       00:20   00:20   Pub 45       True  0134487664
06:40:44 025692       ATLA                           REPLICA ATLA 16-06-2026 08     08:30   08:29                True            
06:49:14 AST025660    RADIO NORBA                    ASTRABILIA 17 GIUGNO 6 50      04:03   04:03                True            
06:53:17 020246       LE PRIME DONNE                 ANTEPRIMA + BUMPER OUT         00:39   00:39                True            
06:53:54 007601       BB                             SEPARATORE BB SPLIT            00:02   00:02   Split 56     True            
06:53:56 011025                                      TAMPONE SPLIT 6                04:02   06:00   Split 56     True            
06:57:58 RNW006310    RADIO NORBA                    SIGLA GIRO DI NEWS (CON VOICE) 01:37   04:54                False           
06:59:34 005165       RADIO NORBA                    SIGLA GIRO NEWS OUT            00:04   00:04                True            
06:59:37 006255       RADIO NORBA                    CLOCK                          00:04   00:03                True            
06:59:41 014386       LE PRIME DONNE                 SIGLA PROGRAMMI                01:17   01:17                True            
07:00:56 000976       Kid Rock                       All Summer Long                03:43   03:43                False           
07:08:08 000190       Justin Bieber                  What Do You Mean               03:21   03:21                True            
07:11:27 023695       Fulminacci                     Maledetto Me                   03:05   03:05                False           
07:14:39 014385       LE PRIME DONNE                 BUMPER                         00:07   00:07                True            
07:14:45 007600       BB                             SEPARATORE BB NAZIONALE        00:03   00:03   Pub 15       True            
07:14:46 AG347                                       FIDIA_CONTACTA_OCCHIALI__1205_ 00:29   00:29   Pub 15       True  0133977509
07:15:16 AV871                                       LEROY_MERLIN_30_ANNI_1006_2806 00:14   00:14   Pub 15       True  0134688336
07:15:31 AW119                                       EUROSPIN_P16_MACINATO_1706_180 00:29   00:29   Pub 15       True  0134153216
07:16:00 AW053                                       FALKENSTEINER_CALABRIA_1506_19 00:19   00:19   Pub 15       True  0134188407
07:16:20 AU765                                       DAIKIN_NUVOLA_NEW_1205_1807    00:29   00:29   Pub 15       True  0133869109
07:16:50 AV773                                       ACQUA_E_SAPONE_18_MENTADENT_07 00:30   00:30   Pub 15       True  0133530202
07:17:20 006250       RADIO NORBA                    JINGLE RIENTRO                 00:11   00:11                True            
07:17:30 021519       Giorgia                        Di Sole E D'Azzurro            04:14   04:15                False           
07:22:02 024117       Elettra Lamborghini            Bam Bam Bambina                02:45   02:45                False           
07:24:50 014385       LE PRIME DONNE                 BUMPER                         00:07   00:07                True            
07:24:55 BIL000008    RADIO NORBA                    BILLBOARD_IN DELIZIOSA BURRATA 00:15   00:15                True            
07:25:08 3BM025654    RADIO NORBA                    RadioMeteo2026-06-17_mattina   00:28   00:28                True            
07:25:37 BIL018090    RADIO NORBA                    BILLBOARD_OUT DELIZIOSA BURRAT 00:10   00:10                True            
07:25:47 007601       BB                             SEPARATORE BB SPLIT            00:02   00:02   Split 30     True            
07:29:50 007599.1     BB                             ***FINE SPLIT***               00:00   00:00   Split 30     True            
07:29:50 020208       Bresh                          Introvabile                    03:05   03:05                False           
07:35:06 000259       Gary Go                        Wonderful                      03:39   03:39                False           
07:38:48 014385       LE PRIME DONNE                 BUMPER                         00:07   00:07                True            
07:38:53 007600       BB                             SEPARATORE BB NAZIONALE        00:03   00:03   Pub 45       True            
07:38:54 AW038                                       COOP_VOCE_HERO_DONNA_SOGG._1_1 00:14   00:14   Pub 45       True  0134826548
07:39:09 AU335                                       VIESSMAN_CLIMA_26_0305_2106    00:14   00:14   Pub 45       True  0134079874
07:39:24 AU654                                       DIFAR_PERSPIREX_2026_1005_1107 00:19   00:19   Pub 45       True  0134077471
07:39:44 AK724                                       DAYGUM_PROTEX_PAUSA_PRANZO_140 00:19   00:19   Pub 45       True  0134822138
07:40:03 AT829                                       DEGHI_PERGOLE_1904_2504        00:29   00:29   Pub 45       True  0134510443
07:40:33 AW016                                       SELEX_AEO_ICHNUSA_15-20_GIUGNO 00:20   00:20   Pub 45       True  0134723658
07:40:53 AV804                                       COSTA_CROCIERE_ESTATE_A_CASA_0 00:19   00:19   Pub 45       True  0134636936
07:41:13 PRM024363    RADIO NORBA                    PROMO ACQUAPARK EGNAZIA 2026   00:20   00:20                True            
07:41:33 006277       RADIO NORBA                    JINGLE COLLECTION SHORT        00:11   00:11                True            
07:41:41 002673       Las Ketchup                    Asereje                        03:31   03:54                False           
07:47:30 024314       Noemi, Vito Salamanca          Tu Cosa Fai Questa Sera        02:47   02:48                False           
07:50:25 014385       LE PRIME DONNE                 BUMPER                         00:07   00:07                False           
07:50:31 007601       BB                             SEPARATORE BB SPLIT            00:03   00:02   Split 56     True            
07:54:35 007599.1     BB                             ***FINE SPLIT***               00:01   00:00   Split 56     True            
07:56:26 006260       RADIO NORBA                    SIGLA TG COM 24 OUT            00:03   00:03                True            
07:54:35 TGC006308    RADIO NORBA                    SIGLA TG COM 24 IN             01:56   03:08                False           
07:57:59 005165       RADIO NORBA                    SIGLA GIRO NEWS OUT            00:04   00:04                True            
07:56:28 RNW006310    RADIO NORBA                    SIGLA GIRO DI NEWS (CON VOICE) 01:36   04:54                False           
07:58:02 007600       BB                             SEPARATORE BB NAZIONALE        00:03   00:03   Pub 02       True            
07:58:03 AW055                                       ING_BUSINESS_BANKING_OPZIONE_1 00:30   00:29   Pub 02       True  0134861046
07:58:33 PRM022453    RADIO NORBA                    PROMO WEB RADIO                00:37   00:37   Pub 02       True            
07:59:10 024540       24kGoldn                       Mood__5s                       00:04   00:04   Pub 02       True            
07:59:15 CLK000002    RADIO NORBA                    CLOCK + BB DELIZIOSA BURRATA   00:10   00:10                True            
07:59:26 006255       RADIO NORBA                    CLOCK                          00:04   00:03                True            
07:59:29 014385       LE PRIME DONNE                 BUMPER                         00:07   00:07                True            
07:59:34 006258       RADIO NORBA                    SIGLA PROGRAMMI MEDIA          00:29   00:29                True            
07:59:59 000148       Cesare Cremonini               Maggese                        04:51   04:51                False           
08:08:48 001984       The Weeknd                     Take My Breath                 03:34   03:34                True            
08:12:20 024127       Pinguini Tattici Nucleari      Sorry Scusa Lo Siento          03:19   03:19                False           
08:15:41 CIT025296    RADIO NORBA                    BASE CIT BATTITI LIVE 2026     00:30   09:01                False           
08:16:10 014385       LE PRIME DONNE                 BUMPER                         00:07   00:07                True            
08:16:16 007600       BB                             SEPARATORE BB NAZIONALE        00:03   00:03   Pub 15       True            
08:16:17 AV835                                       COOP_MENO_25_VIVIVERDE_E_BENES 00:15   00:15   Pub 15       True  0134681656
08:16:32 AV300                                       DECATHLON_CITY_OUTDOOR_BICI_EL 00:14   00:14   Pub 15       True  0134105672
08:16:47 AV532                                       RTI_AD_MANAGER_2905_2507       00:29   00:29   Pub 15       True  0134605955
08:17:16 AV802                                       NISSAN_CCL_GIUGNO_0706_2006    00:18   00:20   Pub 15       True  0134214522
08:17:35 AT826                                       DEGHI_ARREDARE_CASA_1904_2504  00:29   00:29   Pub 15       True  0134510442
08:18:05 PRM025489    RADIO NORBA                    PROMO OTR 2026 SOGG 1 GENERICO 01:08   01:08                True            
08:19:12 006250       RADIO NORBA                    JINGLE RIENTRO                 00:11   00:11                True            
08:19:22 023438       Gaia                           Bossa Nostra                   03:15   03:15                False           
08:24:57 022840       Lio                            Amoureux Solitaries            02:46   03:14                False           
08:27:42 014385       LE PRIME DONNE                 BUMPER                         00:07   00:07                True            
08:27:46 006261       RADIO NORBA                    SIGLA 3B METEO                 00:07   00:07                True            
08:27:50 3BM025654    RADIO NORBA                    RadioMeteo2026-06-17_mattina   00:28   00:28                True            
08:28:19 007601       BB                             SEPARATORE BB SPLIT            00:02   00:02   Split 30     True            
08:32:23 007599.1     BB                             ***FINE SPLIT***               00:00   00:00   Split 30     True            
08:32:23 022230       Achille Lauro                  In Viaggio Verso Il Paradiso   03:41   03:40                False           
08:37:16 004323       OMC                            How Bizarre                    02:27   03:44                False           
08:39:41 014385       LE PRIME DONNE                 BUMPER                         00:07   00:07                True            
08:39:47 007600       BB                             SEPARATORE BB NAZIONALE        00:03   00:03   Pub 45       True            
08:39:48 X9862        CONSORZIO RECUPERO VETRO - CO. COREVE FATTI MANDARE DALLA MAM 00:28   00:28   Pub 45       True  0133391459
08:40:17 AV997                                       FUMAKILLA_VAPE_CONCORSO_1406_3 00:15   00:14   Pub 45       True  0134397236
08:40:32 AV532                                       RTI_AD_MANAGER_2905_2507       00:29   00:29   Pub 45       True  0134605956
08:41:01 AW016                                       SELEX_AEO_ICHNUSA_15-20_GIUGNO 00:20   00:20   Pub 45       True  0134723657
08:41:21 PRM024363    RADIO NORBA                    PROMO ACQUAPARK EGNAZIA 2026   00:20   00:20                True            
08:41:41 006277       RADIO NORBA                    JINGLE COLLECTION SHORT        00:11   00:11                True            
08:41:49 000650       Ligabue                        Balliamo Sul Mondo             04:14   04:14                False           
08:46:47 024114       Jovanotti, Alfa                Buon Vento                     02:51   02:52                False           
08:50:25 014385       LE PRIME DONNE                 BUMPER                         00:07   00:07                True            
08:50:31 007601       BB                             SEPARATORE BB SPLIT            00:02   00:02   Split 56     True            
08:54:35 007599.1     BB                             ***FINE SPLIT***               00:01   00:00   Split 56     True            
08:54:35 TGC006308    RADIO NORBA                    SIGLA TG COM 24 IN             01:55   03:08                False           
08:56:30 006260       RADIO NORBA                    SIGLA TG COM 24 OUT            00:04   00:03                True            
08:56:32 025682       RADIO NORBA                    REPLICA FREE TIME 16 GIUGNO OR 02:00   02:00                True            
08:58:32 007600       BB                             SEPARATORE BB NAZIONALE        00:03   00:03   Pub 02       True            
08:58:33 AW055                                       ING_BUSINESS_BANKING_OPZIONE_1 00:29   00:29   Pub 02       True  0134861062
08:59:03 PRM022455    RADIO NORBA                    PROMO SOCIAL                   00:23   00:23   Pub 02       True            
08:59:25 024569       BrunoMars_33_RNC131566         BrunoMars_33_RNC131566         00:33   00:32   Pub 02       True            
09:00:36 005164       RADIO NORBA                    SIGLA TRAFFICO OUT             00:03   00:03                True            
08:59:58 RTR006257    RADIO NORBA                    SIGLA TRAFFICO                 00:41   02:42                False           
09:00:38 CLK000003    RADIO NORBA                    CLOCK + BB MONTRONE IST. 2025  00:10   00:10                True            
09:00:48 006933       MAURO E ANTONELLA              CLOCK                          00:03   00:03                True            
09:00:52 016775       CARAMIA DALSOGNO NON MUOVETEVI SIGLA PROGRAMMI LUNGA          00:42   00:42                True            
09:01:31 006233       De'Lacy                        Hideaway (Deep Dish Remix)     02:56   03:26                False           
09:06:28 001945       The Roots, Cody Chesnutt       The Seed                       03:52   03:52                True            
09:10:18 025498       Ditonellapiaga                 Businessman                    03:25   03:25                False           
09:13:45 CIT024399    RADIO NORBA                    BASE CIT. ROAD TO BATTITI 2026 00:59   01:49                False           
09:14:44 016777       CARAMIA DALSOGNO               NMDL Jingle 01                 00:04   00:04                True            
09:14:47 007600       BB                             SEPARATORE BB NAZIONALE        00:03   00:03   Pub 15       True            
09:14:48 AV822                                       MCD_SUMMER_DAYS_7-20_GIU       00:20   00:20   Pub 15       True  0134487665
09:15:08 AV982                                       AMAZON_PRIME_DAYS_CELEBRATION_ 00:29   00:29   Pub 15       True  0134785804
09:15:38 AW047                                       VIC_TRANSPORTER_GIUGNO_15-23_G 00:30   00:29   Pub 15       True  0134806856
09:16:08 AW120                                       EUROSPIN_P16_NETTARINE_1706_18 00:29   00:29   Pub 15       True  0134153217
09:16:38 AV804                                       COSTA_CROCIERE_ESTATE_A_CASA_0 00:19   00:19   Pub 15       True  0134636937
09:16:57 006250       RADIO NORBA                    JINGLE RIENTRO                 00:11   00:11                True            
09:17:07 022609       Serena Brancale, Levante, Deli Al Mio Paese                   03:14   03:14                False           
09:22:20 022217       Fred De Palma, Anitta, Emis Ki La Testa Gira                  02:58   02:58                False           
09:25:19 CIT000005    RADIO NORBA                    BASE CIT. DELIZIOSA 2024       00:23   02:44                False           
09:25:41 016777       CARAMIA DALSOGNO               NMDL Jingle 01                 00:04   00:04                True            
09:25:44 007601       BB                             SEPARATORE BB SPLIT            00:02   00:02   Split 30     True            
09:29:47 007599.1     BB                             ***FINE SPLIT***               00:00   00:00   Split 30     True            
09:29:47 006250       RADIO NORBA                    JINGLE RIENTRO                 00:11   00:11                True            
09:29:57 001139       Jarabe De Palo                 Depende                        04:21   04:21                False           
09:35:17 002722       Marco Mengoni                  Tutti I Miei Ricordi           03:19   03:20                True            
09:38:36 006276       RADIO NORBA                    JINGLE NOVITA SHORT            00:08   00:08                True            
09:38:42 024501       Baby K                         Tucamacarena                   02:31   02:30                False           
09:41:47 016778       CARAMIA DALSOGNO               NMDL Jingle 02                 00:04   00:04                True            
09:41:50 007600       BB                             SEPARATORE BB NAZIONALE        00:03   00:03   Pub 45       True            
09:41:51 AW041                                       COOP_VOCE_DONNA_SOGG._1_B_14-2 00:14   00:14   Pub 45       True  0134826549
09:42:05 AT827                                       DEGHI_BAGNO_1904_2504          00:29   00:29   Pub 45       True  0134510444
09:42:35 AK718                                       DAYGUM_PROTEX_COLAZIONE_1409_0 00:19   00:19   Pub 45       True  0134822139
09:42:55 AV777                                       ACQUA_E_SAPONE_19_ELVIVE_0706_ 00:30   00:30   Pub 45       True  0134158468
09:43:25 AW016                                       SELEX_AEO_ICHNUSA_15-20_GIUGNO 00:20   00:20   Pub 45       True  0134723659
09:43:45 AV926                                       THE_FORK_SUMMER_MAGGIO_2026_14 00:29   00:29   Pub 45       True  0134730896
09:44:15 PRM024363    RADIO NORBA                    PROMO ACQUAPARK EGNAZIA 2026   00:20   00:20                True            
09:44:35 006277       RADIO NORBA                    JINGLE COLLECTION SHORT        00:11   00:11                True            
09:44:43 005676       Prince                         Sign O' The Times              03:23   03:23                False           
09:48:48 021704       Annalisa                       Canzone Estiva                 03:20   03:20                False           
09:52:16 016776       CARAMIA DALSOGNO               NMDL Jingle 03                 00:04   00:04                True            
09:52:19 007601       BB                             SEPARATORE BB SPLIT            00:02   00:02   Split 56     True            
09:56:23 007599.1     BB                             ***FINE SPLIT***               00:00   00:00   Split 56     True            
09:56:23 RNW006310    RADIO NORBA                    SIGLA GIRO DI NEWS (CON VOICE) 01:42   04:54                False           
09:58:04 005165       RADIO NORBA                    SIGLA GIRO NEWS OUT            00:04   00:04                True            
09:58:06 006262       RADIO NORBA                    BUONGIORNO SUD IN + BASE       01:14   09:39                False           
09:59:19 006263       RADIO NORBA                    BUONGIORNO SUD OUT             00:09   00:09                True            
09:59:55 005164       RADIO NORBA                    SIGLA TRAFFICO OUT             00:03   00:03                True            
09:59:57 006933       MAURO E ANTONELLA              CLOCK                          00:03   00:03                True            
09:59:25 RTR006257    RADIO NORBA                    SIGLA TRAFFICO                 00:37   02:42                False           
10:00:01 016774       CARAMIA DALSOGNO NON MUOVETEVI SIGLA PROGRAMMI MEDIA          00:28   00:28                True            
10:00:27 001659       Colapesce, Dimartino           Musica Leggerissima            03:53   03:52                False           
10:06:30 000544       George Michael                 Freedom! ’90                   04:21   04:22                True            
10:10:51 022963       Lady Gaga, Doechii             Runway                         02:59   02:59                False           
10:14:02 016777       CARAMIA DALSOGNO               NMDL Jingle 01                 00:04   00:04                True            
10:14:05 007600       BB                             SEPARATORE BB NAZIONALE        00:03   00:03   Pub 15       True            
10:14:06 AV925                                       THE_FORK_DISPENSATORE_SAGGEZZA 00:29   00:29   Pub 15       True  0134730898
10:14:36 AG346                                       FIDIA_CONTACTA_LENTI_1205_3005 00:30   00:29   Pub 15       True  0133977510
10:15:06 AV802                                       NISSAN_CCL_GIUGNO_0706_2006    00:20   00:20   Pub 15       True  0134214523
10:15:26 AV871                                       LEROY_MERLIN_30_ANNI_1006_2806 00:14   00:14   Pub 15       True  0134688337
10:15:41 AW121                                       EUROSPIN_P16_TACCHINO_1706_180 00:29   00:29   Pub 15       True  0134153218
10:16:10 PRM025489    RADIO NORBA                    PROMO OTR 2026 SOGG 1 GENERICO 01:08   01:08                True            
10:17:16 006250       RADIO NORBA                    JINGLE RIENTRO                 00:12   00:12                True            
10:17:25 024113       CLARA, Sangiovanni             Le Ragazze                     02:52   02:52                False           
10:22:27 024316       J-Ax                           Hippy Ya Yo (Però Anche No)    02:50   02:50                False           
10:25:39 016777       CARAMIA DALSOGNO               NMDL Jingle 01                 00:04   00:04                True            
10:25:42 007601       BB                             SEPARATORE BB SPLIT            00:02   00:02   Split 30     True            
10:29:45 007599.1     BB                             ***FINE SPLIT***               00:00   00:00   Split 30     True            
10:29:45 006250       RADIO NORBA                    JINGLE RIENTRO                 00:11   00:11                True            
10:29:55 000622       Coldplay Feat. Lela Zadora     Paradise                       04:05   04:13                False           
10:35:15 000816       Luca Carboni                   Luca Lo Stesso                 03:24   03:23                True            
10:38:38 006276       RADIO NORBA                    JINGLE NOVITA SHORT            00:08   00:08                True            
10:38:44 024503       Malika Ayane                   Una Possibilità                03:18   03:18                False           
10:42:57 016778       CARAMIA DALSOGNO               NMDL Jingle 02                 00:04   00:04                True            
10:43:00 007600       BB                             SEPARATORE BB NAZIONALE        00:03   00:03   Pub 45       True            
10:43:01 AV835                                       COOP_MENO_25_VIVIVERDE_E_BENES 00:15   00:15   Pub 45       True  0134681657
10:43:16 AT830                                       DEGHI_SEDIE_TAVOLI_1904_2504   00:30   00:29   Pub 45       True  0134510445
10:43:46 X9862        CONSORZIO RECUPERO VETRO - CO. COREVE FATTI MANDARE DALLA MAM 00:28   00:28   Pub 45       True  0133391460
10:44:15 AV297                                       DECATHLON_GREAT_OUTDOOR_TENDA_ 00:14   00:14   Pub 45       True  0134105673
10:44:30 AV997                                       FUMAKILLA_VAPE_CONCORSO_1406_3 00:15   00:14   Pub 45       True  0134397240
10:44:45 AU765                                       DAIKIN_NUVOLA_NEW_1205_1807    00:29   00:29   Pub 45       True  0133869111
10:45:15 PRM024363    RADIO NORBA                    PROMO ACQUAPARK EGNAZIA 2026   00:20   00:20                True            
10:45:35 006277       RADIO NORBA                    JINGLE COLLECTION SHORT        00:11   00:11                True            
10:45:43 004672       Alanis Morissette              You Learn                      02:59   03:51                False           
10:49:22 022961       Olivia Rodrigo                 Drop Dead                      03:42   03:42                False           
10:53:26 016776       CARAMIA DALSOGNO               NMDL Jingle 03                 00:04   00:04                True            
10:53:29 007601       BB                             SEPARATORE BB SPLIT            00:02   00:02   Split 56     True            
10:57:32 007599.1     BB                             ***FINE SPLIT***               00:00   00:00   Split 56     True            
10:57:33 RNW006310    RADIO NORBA                    SIGLA GIRO DI NEWS (CON VOICE) 02:12   04:54                False           
10:59:42 005165       RADIO NORBA                    SIGLA GIRO NEWS OUT            00:04   00:04                True            
11:00:15 005164       RADIO NORBA                    SIGLA TRAFFICO OUT             00:03   00:03                True            
11:00:17 006255       RADIO NORBA                    CLOCK                          00:04   00:03                True            
10:59:45 RTR006257    RADIO NORBA                    SIGLA TRAFFICO                 00:39   02:42                False           
11:00:21 006818       ALAN E VERONICA                SIGLA PROGRAMMI LUNGA          00:32   00:32                True            
11:00:50 005262       Gaia                           Chiamo Io Chiami Tu            03:38   03:37                False           
11:07:42 003849       Black Box                      Everybody Everybody            04:05   04:05                True            
11:11:46 024125       Irama                          Cabana                         02:44   02:44                False           
11:15:17 007600       BB                             SEPARATORE BB NAZIONALE        00:03   00:03   Pub 15       True            
11:14:31              RADIO NORBA                    SIGLA GIOCO VELOCITA EVENTI    00:57   02:52                False           
11:15:18 AW043                                       COOP_VOCE_HERO_DONNA_SOGG._3_1 00:15   00:14   Pub 15       True  0134826550
11:15:33 AW047                                       VIC_TRANSPORTER_GIUGNO_15-23_G 00:30   00:29   Pub 15       True  0134806857
11:16:03 AW010                                       MIN._SALUTE_DONAZIONE_SANGUE_1 00:27   00:27   Pub 15       True  0134831403
11:16:31 AW055                                       ING_BUSINESS_BANKING_OPZIONE_1 00:30   00:29   Pub 15       True  0134862342
